<?xml version="1.0" encoding="UTF-8"?>
<!-- Generated by org.testng.reporters.JUnitReportReporter -->
<testsuite hostname="DESKTOP-HGUKC47" failures="0" tests="1" name="shadowdom.SalesForceShadowDom" time="30.456" errors="0" timestamp="2025-04-29T22:15:38 IST" skipped="0">
  <testcase classname="shadowdom.SalesForceShadowDom" name="automatingSalesForce" time="30.456"/>
</testsuite> <!-- shadowdom.SalesForceShadowDom -->
