<?xml version="1.0" encoding="UTF-8"?>
<!-- Generated by org.testng.reporters.JUnitReportReporter -->
<testsuite hostname="DESKTOP-HGUKC47" failures="0" tests="1" name="frames.PepperFly" time="27.703" errors="0" timestamp="2025-04-26T19:44:19 IST" skipped="0">
  <testcase classname="frames.PepperFly" name="automatingPepperFry" time="27.703"/>
</testsuite> <!-- frames.PepperFly -->
