<?xml version="1.0" encoding="UTF-8"?>
<!-- Generated by org.testng.reporters.JUnitReportReporter -->
<testsuite hostname="DESKTOP-HGUKC47" failures="0" tests="1" name="robotclassandfileuploading.AuthenticatingPopUpHandlingAndTypingTextInAlertPopUp" time="18.050" errors="0" timestamp="2025-04-27T13:50:40 IST" skipped="0">
  <testcase classname="robotclassandfileuploading.AuthenticatingPopUpHandlingAndTypingTextInAlertPopUp" name="automatingPopUp" time="18.050"/>
</testsuite> <!-- robotclassandfileuploading.AuthenticatingPopUpHandlingAndTypingTextInAlertPopUp -->
