<?xml version="1.0" encoding="UTF-8"?>
<!-- Generated by org.testng.reporters.JUnitReportReporter -->
<testsuite hostname="DESKTOP-HGUKC47" failures="0" tests="1" name="MiscellenousActions.DragAndDrop" time="6.932" errors="0" timestamp="2025-04-20T17:41:34 IST" skipped="0">
  <testcase classname="MiscellenousActions.DragAndDrop" name="dragAndDrop" time="6.932"/>
</testsuite> <!-- MiscellenousActions.DragAndDrop -->
