<?xml version="1.0" encoding="UTF-8"?>
<!-- Generated by org.testng.reporters.JUnitReportReporter -->
<testsuite hostname="DESKTOP-HGUKC47" failures="0" tests="1" name="windowhandling.IrctcWindowHandling" time="73.721" errors="0" timestamp="2025-08-15T11:51:34 IST" skipped="0">
  <testcase classname="windowhandling.IrctcWindowHandling" name="automatingIrctc" time="73.721"/>
</testsuite> <!-- windowhandling.IrctcWindowHandling -->
