<?xml version="1.0" encoding="UTF-8"?>
<!-- Generated by org.testng.reporters.JUnitReportReporter -->
<testsuite hostname="DESKTOP-HGUKC47" failures="0" tests="1" name="DropDown.AmazonDropDown2" time="23.221" errors="0" timestamp="2025-04-21T17:26:55 IST" skipped="0">
  <testcase classname="DropDown.AmazonDropDown2" name="amazonDropDown" time="23.221"/>
</testsuite> <!-- DropDown.AmazonDropDown2 -->
