<?xml version="1.0" encoding="UTF-8"?>
<!-- Generated by org.testng.reporters.JUnitReportReporter -->
<testsuite hostname="DESKTOP-HGUKC47" failures="0" tests="1" name="Alerts.GuruWebsite" time="9.297" errors="0" timestamp="2025-04-21T18:57:12 IST" skipped="0">
  <testcase classname="Alerts.GuruWebsite" name="amazonDropDown" time="9.297"/>
</testsuite> <!-- Alerts.GuruWebsite -->
