<?xml version="1.0" encoding="UTF-8"?>
<!-- Generated by org.testng.reporters.JUnitReportReporter -->
<testsuite hostname="DESKTOP-HGUKC47" failures="0" tests="1" name="MiscellenousActions.EMICalculator" time="21.103" errors="0" timestamp="2025-04-21T10:56:34 IST" skipped="0">
  <testcase classname="MiscellenousActions.EMICalculator" name="emiCalculator" time="21.103"/>
</testsuite> <!-- MiscellenousActions.EMICalculator -->
