<?xml version="1.0" encoding="UTF-8"?>
<!-- Generated by org.testng.reporters.JUnitReportReporter -->
<testsuite hostname="DESKTOP-HGUKC47" failures="0" tests="1" name="webtables.DemoQTable" time="23.604" errors="0" timestamp="2025-05-01T16:23:53 IST" skipped="0">
  <testcase classname="webtables.DemoQTable" name="automatingTable" time="23.604"/>
</testsuite> <!-- webtables.DemoQTable -->
