<?xml version="1.0" encoding="UTF-8"?>
<!-- Generated by org.testng.reporters.JUnitReportReporter -->
<testsuite hostname="DESKTOP-HGUKC47" failures="0" tests="1" name="shadowdom.ShadowDomExample1" time="23.902" errors="0" timestamp="2025-04-29T11:52:58 IST" skipped="0">
  <testcase classname="shadowdom.ShadowDomExample1" name="shadowDomTest" time="23.902"/>
</testsuite> <!-- shadowdom.ShadowDomExample1 -->
