<?xml version="1.0" encoding="UTF-8"?>
<!-- Generated by org.testng.reporters.JUnitReportReporter -->
<testsuite hostname="DESKTOP-HGUKC47" failures="0" tests="1" name="MiscellenousActions.RevenueCalculator" time="14.486" errors="0" timestamp="2025-04-21T11:38:42 IST" skipped="0">
  <testcase classname="MiscellenousActions.RevenueCalculator" name="revenueCalculator" time="14.486"/>
</testsuite> <!-- MiscellenousActions.RevenueCalculator -->
