<?xml version="1.0" encoding="UTF-8"?>
<!-- Generated by org.testng.reporters.JUnitReportReporter -->
<testsuite hostname="DESKTOP-HGUKC47" failures="0" tests="1" name="DropDown.Deemo" time="35.793" errors="0" timestamp="2025-04-26T20:01:33 IST" skipped="0">
  <testcase classname="DropDown.Deemo" name="automatingWindowHandling" time="35.793"/>
</testsuite> <!-- DropDown.Deemo -->
