<?xml version="1.0" encoding="UTF-8"?>
<!-- Generated by org.testng.reporters.JUnitReportReporter -->
<testsuite hostname="DESKTOP-HGUKC47" failures="0" tests="1" name="MiscellenousActions.RightClick" time="9.856" errors="0" timestamp="2025-04-21T09:22:54 IST" skipped="0">
  <testcase classname="MiscellenousActions.RightClick" name="rightClick" time="9.856"/>
</testsuite> <!-- MiscellenousActions.RightClick -->
