<?xml version="1.0" encoding="UTF-8"?>
<!-- Generated by org.testng.reporters.JUnitReportReporter -->
<testsuite hostname="DESKTOP-HGUKC47" failures="0" tests="1" name="DropDown.AmazonDropDown" time="25.566" errors="0" timestamp="2025-04-21T17:16:48 IST" skipped="0">
  <testcase classname="DropDown.AmazonDropDown" name="amazonDropDown" time="25.566"/>
</testsuite> <!-- DropDown.AmazonDropDown -->
