<?xml version="1.0" encoding="UTF-8"?>
<!-- Generated by org.testng.reporters.JUnitReportReporter -->
<testsuite hostname="DESKTOP-HGUKC47" failures="0" tests="1" name="waits.SpinnerWait" time="15.936" errors="0" timestamp="2025-05-01T14:42:45 IST" skipped="0">
  <testcase classname="waits.SpinnerWait" name="automatingSpinner" time="15.936"/>
</testsuite> <!-- waits.SpinnerWait -->
