<?xml version="1.0" encoding="UTF-8"?>
<!-- Generated by org.testng.reporters.JUnitReportReporter -->
<testsuite hostname="DESKTOP-HGUKC47" failures="0" tests="1" name="robotclassandfileuploading.FileUploading" time="68.977" errors="0" timestamp="2025-04-28T21:01:54 IST" skipped="0">
  <testcase classname="robotclassandfileuploading.FileUploading" name="automatingFileUploading" time="68.977"/>
</testsuite> <!-- robotclassandfileuploading.FileUploading -->
