<?xml version="1.0" encoding="UTF-8"?>
<!-- Generated by org.testng.reporters.JUnitReportReporter -->
<testsuite hostname="DESKTOP-HGUKC47" failures="0" tests="1" name="MiscellenousActions.DoubleClickAutomating" time="22.735" errors="0" timestamp="2025-04-21T20:51:26 IST" skipped="0">
  <testcase classname="MiscellenousActions.DoubleClickAutomating" name="amazonDropDown" time="22.735"/>
</testsuite> <!-- MiscellenousActions.DoubleClickAutomating -->
