<?xml version="1.0" encoding="UTF-8"?>
<!-- Generated by org.testng.reporters.JUnitReportReporter -->
<testsuite hostname="DESKTOP-HGUKC47" failures="0" tests="1" name="LinkTesting.AmazonTesting" time="71.391" errors="0" timestamp="2025-04-21T16:58:42 IST" skipped="0">
  <testcase classname="LinkTesting.AmazonTesting" name="linkTesting" time="71.391"/>
</testsuite> <!-- LinkTesting.AmazonTesting -->
