<?xml version="1.0" encoding="UTF-8"?>
<!-- Generated by org.testng.reporters.JUnitReportReporter -->
<testsuite hostname="DESKTOP-HGUKC47" failures="0" tests="1" name="LinkTesting.AdactInHotelApp" time="6.114" errors="0" timestamp="2025-04-21T15:39:23 IST" skipped="0">
  <testcase classname="LinkTesting.AdactInHotelApp" name="likTesting" time="6.114"/>
</testsuite> <!-- LinkTesting.AdactInHotelApp -->
