<?xml version="1.0" encoding="UTF-8"?>
<!-- Generated by org.testng.reporters.JUnitReportReporter -->
<testsuite hostname="DESKTOP-HGUKC47" failures="0" tests="2" name="CheckBoxesAndRadioButtons.RadioButtons" time="21.935" errors="0" timestamp="2025-04-22T19:18:27 IST" skipped="0">
  <testcase classname="CheckBoxesAndRadioButtons.RadioButtons" name="radioButton1" time="9.502"/>
  <testcase classname="CheckBoxesAndRadioButtons.RadioButtons" name="radioButton2" time="12.433"/>
</testsuite> <!-- CheckBoxesAndRadioButtons.RadioButtons -->
