<?xml version="1.0" encoding="UTF-8"?>
<!-- Generated by org.testng.reporters.JUnitReportReporter -->
<testsuite hostname="DESKTOP-HGUKC47" failures="0" tests="1" name="windowhandling.IrctcWindowHandling" time="66.354" errors="0" timestamp="2025-04-30T14:04:23 IST" skipped="0">
  <testcase classname="windowhandling.IrctcWindowHandling" name="automatingIrctc" time="66.354"/>
</testsuite> <!-- windowhandling.IrctcWindowHandling -->
