<?xml version="1.0" encoding="UTF-8"?>
<!-- Generated by org.testng.reporters.JUnitReportReporter -->
<testsuite hostname="DESKTOP-HGUKC47" failures="0" tests="1" name="MiscellenousActions.MouseOver" time="18.157" errors="0" timestamp="2025-04-20T17:48:09 IST" skipped="0">
  <testcase classname="MiscellenousActions.MouseOver" name="mouseOverAction" time="18.157"/>
</testsuite> <!-- MiscellenousActions.MouseOver -->
