<?xml version="1.0" encoding="UTF-8"?>
<!-- Generated by org.testng.reporters.JUnitReportReporter -->
<testsuite hostname="DESKTOP-HGUKC47" failures="0" tests="3" name="CheckBoxesAndRadioButtons.CheckBox" time="61.106" errors="0" timestamp="2025-04-22T18:14:19 IST" skipped="0">
  <testcase classname="CheckBoxesAndRadioButtons.CheckBox" name="checkBox3" time="18.895"/>
  <testcase classname="CheckBoxesAndRadioButtons.CheckBox" name="checkBox2" time="33.656"/>
  <testcase classname="CheckBoxesAndRadioButtons.CheckBox" name="checkBox1" time="8.555"/>
</testsuite> <!-- CheckBoxesAndRadioButtons.CheckBox -->
