<?xml version="1.0" encoding="UTF-8"?>
<!-- Generated by org.testng.reporters.JUnitReportReporter -->
<testsuite hostname="DESKTOP-HGUKC47" failures="0" tests="1" name="LinkTesting.TestingTheAllLinks" time="24.821" errors="0" timestamp="2025-04-21T16:51:03 IST" skipped="0">
  <testcase classname="LinkTesting.TestingTheAllLinks" name="testingLinks" time="24.821"/>
</testsuite> <!-- LinkTesting.TestingTheAllLinks -->
