<?xml version="1.0" encoding="UTF-8"?>
<!-- Generated by org.testng.reporters.JUnitReportReporter -->
<testsuite hostname="DESKTOP-HGUKC47" failures="0" tests="1" name="DropDown.FaceBookDropDown" time="15.244" errors="0" timestamp="2025-04-21T17:40:26 IST" skipped="0">
  <testcase classname="DropDown.FaceBookDropDown" name="facebookDropDown" time="15.244"/>
</testsuite> <!-- DropDown.FaceBookDropDown -->
