<?xml version="1.0" encoding="UTF-8"?>
<!-- Generated by org.testng.reporters.JUnitReportReporter -->
<testsuite hostname="DESKTOP-HGUKC47" failures="0" tests="1" name="DropDown.CountingDropDownItemsInAmazon" time="20.536" errors="0" timestamp="2025-04-21T18:37:51 IST" skipped="0">
  <testcase classname="DropDown.CountingDropDownItemsInAmazon" name="amazonDropDown" time="20.536"/>
</testsuite> <!-- DropDown.CountingDropDownItemsInAmazon -->
