<?xml version="1.0" encoding="UTF-8"?>
<!-- Generated by org.testng.reporters.JUnitReportReporter -->
<testsuite hostname="DESKTOP-HGUKC47" failures="0" tests="1" name="Alerts.GuruWebsite" time="63.288" errors="0" timestamp="2025-07-09T14:07:52 IST" skipped="0">
  <testcase classname="Alerts.GuruWebsite" name="amazonDropDown" time="63.288"/>
</testsuite> <!-- Alerts.GuruWebsite -->
