<?xml version="1.0" encoding="UTF-8"?>
<!-- Generated by org.testng.reporters.JUnitReportReporter -->
<testsuite hostname="DESKTOP-HGUKC47" failures="0" tests="1" name="robotclassandfileuploading.Demo" time="60.305" errors="0" timestamp="2025-04-27T13:08:17 IST" skipped="0">
  <testcase classname="robotclassandfileuploading.Demo" name="handlingAuthenticatingPopUp" time="60.305"/>
</testsuite> <!-- robotclassandfileuploading.Demo -->
