<?xml version="1.0" encoding="UTF-8"?>
<!-- Generated by org.testng.reporters.JUnitReportReporter -->
<testsuite hostname="DESKTOP-HGUKC47" failures="0" tests="1" name="shadowdom.SalesForceShadowDom" time="18.597" errors="0" timestamp="2025-05-29T16:35:01 IST" skipped="0">
  <testcase classname="shadowdom.SalesForceShadowDom" name="automatingSalesForce" time="18.597"/>
</testsuite> <!-- shadowdom.SalesForceShadowDom -->
